TN:
SF:src/modules/cart/services/CreateCartProductsService.ts
FN:10,(anonymous_18)
FN:11,CreateCartProductsService
FN:20,(anonymous_20)
FNF:3
FNH:3
FNDA:2,(anonymous_18)
FNDA:8,CreateCartProductsService
FNDA:8,(anonymous_20)
DA:2,2
DA:3,2
DA:10,2
DA:13,8
DA:15,8
DA:17,8
DA:20,2
DA:21,8
DA:22,8
DA:24,8
DA:25,2
DA:27,6
DA:28,1
DA:30,5
DA:32,5
DA:33,1
DA:35,4
DA:38,4
DA:39,2
DA:42,2
DA:47,2
DA:49,2
LF:22
LH:22
BRDA:24,0,0,2
BRDA:24,0,1,6
BRDA:24,1,0,8
BRDA:24,1,1,7
BRDA:27,2,0,1
BRDA:27,2,1,5
BRDA:32,3,0,1
BRDA:32,3,1,4
BRDA:38,4,0,2
BRDA:38,4,1,2
BRF:10
BRH:10
end_of_record
TN:
SF:src/modules/cart/services/CreateCartService.ts
FN:11,(anonymous_18)
FN:12,CreateCartService
FN:19,(anonymous_20)
FNF:3
FNH:3
FNDA:3,(anonymous_18)
FNDA:10,CreateCartService
FNDA:7,(anonymous_20)
DA:2,3
DA:3,3
DA:11,3
DA:14,10
DA:16,10
DA:19,7
DA:20,7
DA:21,0
DA:24,7
DA:27,7
DA:28,1
DA:31,6
DA:35,6
DA:37,3
LF:14
LH:13
BRDA:20,0,0,0
BRDA:20,0,1,7
BRDA:27,1,0,1
BRDA:27,1,1,6
BRF:4
BRH:3
end_of_record
TN:
SF:src/modules/cart/services/ListCartOfUserService.ts
FN:8,(anonymous_18)
FN:9,ListCartOfUserService
FN:16,(anonymous_20)
FNF:3
FNH:3
FNDA:1,(anonymous_18)
FNDA:2,ListCartOfUserService
FNDA:2,(anonymous_20)
DA:2,1
DA:3,1
DA:8,1
DA:11,2
DA:13,2
DA:16,2
DA:17,2
DA:18,2
DA:19,1
DA:21,1
DA:23,1
DA:25,1
LF:12
LH:12
BRDA:17,0,0,2
BRDA:18,1,0,1
BRDA:18,1,1,1
BRF:3
BRH:3
end_of_record
TN:
SF:src/modules/product/services/CreateProductService.ts
FN:14,(anonymous_18)
FN:15,CreateProductService
FN:20,(anonymous_20)
FNF:3
FNH:3
FNDA:4,(anonymous_18)
FNDA:16,CreateProductService
FNDA:21,(anonymous_20)
DA:1,4
DA:2,4
DA:14,4
DA:17,16
DA:20,4
DA:21,21
DA:22,21
DA:23,21
DA:24,21
DA:25,21
DA:27,21
DA:28,1
DA:30,20
DA:31,1
DA:34,19
DA:35,1
DA:38,18
DA:39,1
DA:41,17
DA:45,17
DA:46,1
DA:49,16
DA:57,16
DA:59,4
LF:24
LH:24
BRDA:25,0,0,1
BRDA:25,0,1,20
BRDA:27,1,0,1
BRDA:27,1,1,20
BRDA:30,2,0,1
BRDA:30,2,1,19
BRDA:34,3,0,1
BRDA:34,3,1,18
BRDA:38,4,0,1
BRDA:38,4,1,17
BRDA:45,5,0,1
BRDA:45,5,1,16
BRF:12
BRH:12
end_of_record
TN:
SF:src/modules/product/services/ListAllProductsService.ts
FN:6,(anonymous_4)
FN:7,ListAllProductsService
FN:12,(anonymous_6)
FNF:3
FNH:3
FNDA:1,(anonymous_4)
FNDA:1,ListAllProductsService
FNDA:1,(anonymous_6)
DA:1,1
DA:6,1
DA:9,1
DA:12,1
DA:13,1
DA:15,1
DA:17,1
LF:7
LH:7
BRF:0
BRH:0
end_of_record
TN:
SF:src/modules/user/services/CreateSessionService.ts
FN:13,(anonymous_18)
FN:14,CreateSessionService
FN:23,(anonymous_20)
FNF:3
FNH:3
FNDA:1,(anonymous_18)
FNDA:4,CreateSessionService
FNDA:5,(anonymous_20)
DA:1,1
DA:2,1
DA:13,1
DA:16,4
DA:18,4
DA:20,4
DA:23,5
DA:24,5
DA:25,1
DA:27,4
DA:28,1
DA:31,3
DA:33,3
DA:34,1
DA:37,2
DA:42,2
DA:43,1
DA:46,1
DA:48,1
DA:50,1
LF:20
LH:20
BRDA:24,0,0,1
BRDA:24,0,1,4
BRDA:27,1,0,1
BRDA:27,1,1,3
BRDA:33,2,0,1
BRDA:33,2,1,2
BRDA:42,3,0,1
BRDA:42,3,1,1
BRF:8
BRH:8
end_of_record
TN:
SF:src/modules/user/services/CreateUserService.ts
FN:14,(anonymous_18)
FN:15,CreateUserService
FN:22,(anonymous_20)
FNF:3
FNH:3
FNDA:4,(anonymous_18)
FNDA:20,CreateUserService
FNDA:18,(anonymous_20)
DA:1,4
DA:2,4
DA:14,4
DA:17,20
DA:19,20
DA:22,4
DA:23,18
DA:24,18
DA:25,18
DA:26,18
DA:28,18
DA:29,1
DA:32,17
DA:33,1
DA:36,16
DA:37,1
DA:40,15
DA:41,1
DA:44,14
DA:45,1
DA:48,13
DA:50,13
DA:51,1
DA:54,12
DA:56,12
DA:62,12
DA:64,4
LF:27
LH:27
BRDA:28,0,0,1
BRDA:28,0,1,17
BRDA:32,1,0,1
BRDA:32,1,1,16
BRDA:36,2,0,1
BRDA:36,2,1,15
BRDA:40,3,0,1
BRDA:40,3,1,14
BRDA:44,4,0,1
BRDA:44,4,1,13
BRDA:50,5,0,1
BRDA:50,5,1,12
BRF:12
BRH:12
end_of_record
